<?xml version="1.0" encoding="UTF-8"?>
<testng-results ignored="0" total="1" passed="1" failed="0" skipped="0">
  <reporter-output>
  </reporter-output>
  <suite started-at="2024-05-02T15:33:49 IST" name="Default suite" finished-at="2024-05-02T15:33:52 IST" duration-ms="3039">
    <groups>
    </groups>
    <test started-at="2024-05-02T15:33:49 IST" name="Default test" finished-at="2024-05-02T15:33:52 IST" duration-ms="3039">
      <class name="extenreoport.Samiple_extenreoport">
        <test-method signature="extreport()[pri:0, instance:extenreoport.Samiple_extenreoport@6da21078]" started-at="2024-05-02T15:33:49 IST" name="extreport" finished-at="2024-05-02T15:33:52 IST" duration-ms="2974" status="PASS">
          <reporter-output>
          </reporter-output>
        </test-method> <!-- extreport -->
      </class> <!-- extenreoport.Samiple_extenreoport -->
    </test> <!-- Default test -->
  </suite> <!-- Default suite -->
</testng-results>
